<?xml version="1.0" encoding="UTF-8"?>
<!-- Generated by org.testng.reporters.JUnitReportReporter -->
<testsuite hostname="DESKTOP-R4IOO2V" failures="0" tests="1" name="com.pageobjectdemotest.PomDemo" time="5.460" errors="0" timestamp="2023-10-03T20:19:18 IST" skipped="0">
  <testcase classname="com.pageobjectdemotest.PomDemo" name="verifySearchComponant" time="5.460"/>
</testsuite> <!-- com.pageobjectdemotest.PomDemo -->
