<?xml version="1.0" encoding="UTF-8"?>
<!-- Generated by org.testng.reporters.JUnitReportReporter -->
<testsuite hostname="DESKTOP-R4IOO2V" failures="0" tests="1" name="com.namah.pomdemo.PomDemo" time="7.907" errors="0" timestamp="2023-10-03T20:10:17 IST" skipped="0">
  <testcase classname="com.namah.pomdemo.PomDemo" name="verifySearchComponant" time="7.907"/>
</testsuite> <!-- com.namah.pomdemo.PomDemo -->
